Linked: (/media/psf/TO-DO_List/ros_chatbot/ros_chatbot_ws/devel/.private/rasa_ros/include/rasa_ros/DialogueRequest.h, /media/psf/TO-DO_List/ros_chatbot/ros_chatbot_ws/devel/include/rasa_ros/DialogueRequest.h)
Linked: (/media/psf/TO-DO_List/ros_chatbot/ros_chatbot_ws/devel/.private/rasa_ros/include/rasa_ros/Dialogue.h, /media/psf/TO-DO_List/ros_chatbot/ros_chatbot_ws/devel/include/rasa_ros/Dialogue.h)
Linked: (/media/psf/TO-DO_List/ros_chatbot/ros_chatbot_ws/devel/.private/rasa_ros/include/rasa_ros/DialogueResponse.h, /media/psf/TO-DO_List/ros_chatbot/ros_chatbot_ws/devel/include/rasa_ros/DialogueResponse.h)
Linked: (/media/psf/TO-DO_List/ros_chatbot/ros_chatbot_ws/devel/.private/rasa_ros/lib/pkgconfig/rasa_ros.pc, /media/psf/TO-DO_List/ros_chatbot/ros_chatbot_ws/devel/lib/pkgconfig/rasa_ros.pc)
Linked: (/media/psf/TO-DO_List/ros_chatbot/ros_chatbot_ws/devel/.private/rasa_ros/lib/python3/dist-packages/rasa_ros/__init__.py, /media/psf/TO-DO_List/ros_chatbot/ros_chatbot_ws/devel/lib/python3/dist-packages/rasa_ros/__init__.py)
Linked: (/media/psf/TO-DO_List/ros_chatbot/ros_chatbot_ws/devel/.private/rasa_ros/lib/python3/dist-packages/rasa_ros/srv/__init__.py, /media/psf/TO-DO_List/ros_chatbot/ros_chatbot_ws/devel/lib/python3/dist-packages/rasa_ros/srv/__init__.py)
Linked: (/media/psf/TO-DO_List/ros_chatbot/ros_chatbot_ws/devel/.private/rasa_ros/lib/python3/dist-packages/rasa_ros/srv/_Dialogue.py, /media/psf/TO-DO_List/ros_chatbot/ros_chatbot_ws/devel/lib/python3/dist-packages/rasa_ros/srv/_Dialogue.py)
Linked: (/media/psf/TO-DO_List/ros_chatbot/ros_chatbot_ws/devel/.private/rasa_ros/share/rasa_ros/cmake/rasa_rosConfig-version.cmake, /media/psf/TO-DO_List/ros_chatbot/ros_chatbot_ws/devel/share/rasa_ros/cmake/rasa_rosConfig-version.cmake)
Linked: (/media/psf/TO-DO_List/ros_chatbot/ros_chatbot_ws/devel/.private/rasa_ros/share/rasa_ros/cmake/rasa_rosConfig.cmake, /media/psf/TO-DO_List/ros_chatbot/ros_chatbot_ws/devel/share/rasa_ros/cmake/rasa_rosConfig.cmake)
Linked: (/media/psf/TO-DO_List/ros_chatbot/ros_chatbot_ws/devel/.private/rasa_ros/share/rasa_ros/cmake/rasa_ros-msg-paths.cmake, /media/psf/TO-DO_List/ros_chatbot/ros_chatbot_ws/devel/share/rasa_ros/cmake/rasa_ros-msg-paths.cmake)
Linked: (/media/psf/TO-DO_List/ros_chatbot/ros_chatbot_ws/devel/.private/rasa_ros/share/rasa_ros/cmake/rasa_ros-msg-extras.cmake, /media/psf/TO-DO_List/ros_chatbot/ros_chatbot_ws/devel/share/rasa_ros/cmake/rasa_ros-msg-extras.cmake)
Linked: (/media/psf/TO-DO_List/ros_chatbot/ros_chatbot_ws/devel/.private/rasa_ros/share/roseus/ros/rasa_ros/manifest.l, /media/psf/TO-DO_List/ros_chatbot/ros_chatbot_ws/devel/share/roseus/ros/rasa_ros/manifest.l)
Linked: (/media/psf/TO-DO_List/ros_chatbot/ros_chatbot_ws/devel/.private/rasa_ros/share/roseus/ros/rasa_ros/srv/Dialogue.l, /media/psf/TO-DO_List/ros_chatbot/ros_chatbot_ws/devel/share/roseus/ros/rasa_ros/srv/Dialogue.l)
Linked: (/media/psf/TO-DO_List/ros_chatbot/ros_chatbot_ws/devel/.private/rasa_ros/share/common-lisp/ros/rasa_ros/srv/rasa_ros-srv.asd, /media/psf/TO-DO_List/ros_chatbot/ros_chatbot_ws/devel/share/common-lisp/ros/rasa_ros/srv/rasa_ros-srv.asd)
Linked: (/media/psf/TO-DO_List/ros_chatbot/ros_chatbot_ws/devel/.private/rasa_ros/share/common-lisp/ros/rasa_ros/srv/_package.lisp, /media/psf/TO-DO_List/ros_chatbot/ros_chatbot_ws/devel/share/common-lisp/ros/rasa_ros/srv/_package.lisp)
Linked: (/media/psf/TO-DO_List/ros_chatbot/ros_chatbot_ws/devel/.private/rasa_ros/share/common-lisp/ros/rasa_ros/srv/_package_Dialogue.lisp, /media/psf/TO-DO_List/ros_chatbot/ros_chatbot_ws/devel/share/common-lisp/ros/rasa_ros/srv/_package_Dialogue.lisp)
Linked: (/media/psf/TO-DO_List/ros_chatbot/ros_chatbot_ws/devel/.private/rasa_ros/share/common-lisp/ros/rasa_ros/srv/Dialogue.lisp, /media/psf/TO-DO_List/ros_chatbot/ros_chatbot_ws/devel/share/common-lisp/ros/rasa_ros/srv/Dialogue.lisp)
Linked: (/media/psf/TO-DO_List/ros_chatbot/ros_chatbot_ws/devel/.private/rasa_ros/share/gennodejs/ros/rasa_ros/_index.js, /media/psf/TO-DO_List/ros_chatbot/ros_chatbot_ws/devel/share/gennodejs/ros/rasa_ros/_index.js)
Linked: (/media/psf/TO-DO_List/ros_chatbot/ros_chatbot_ws/devel/.private/rasa_ros/share/gennodejs/ros/rasa_ros/srv/_index.js, /media/psf/TO-DO_List/ros_chatbot/ros_chatbot_ws/devel/share/gennodejs/ros/rasa_ros/srv/_index.js)
Linked: (/media/psf/TO-DO_List/ros_chatbot/ros_chatbot_ws/devel/.private/rasa_ros/share/gennodejs/ros/rasa_ros/srv/Dialogue.js, /media/psf/TO-DO_List/ros_chatbot/ros_chatbot_ws/devel/share/gennodejs/ros/rasa_ros/srv/Dialogue.js)
