Symlinking /media/psf/TO-DO_List/ros_chatbot/ros_chatbot_ws/devel/include/rasa_ros/DialogueRequest.h
Symlinking /media/psf/TO-DO_List/ros_chatbot/ros_chatbot_ws/devel/include/rasa_ros/Dialogue.h
Symlinking /media/psf/TO-DO_List/ros_chatbot/ros_chatbot_ws/devel/include/rasa_ros/DialogueResponse.h
Symlinking /media/psf/TO-DO_List/ros_chatbot/ros_chatbot_ws/devel/lib/pkgconfig/rasa_ros.pc
Symlinking /media/psf/TO-DO_List/ros_chatbot/ros_chatbot_ws/devel/lib/python3/dist-packages/rasa_ros/__init__.py
Symlinking /media/psf/TO-DO_List/ros_chatbot/ros_chatbot_ws/devel/lib/python3/dist-packages/rasa_ros/srv/__init__.py
Symlinking /media/psf/TO-DO_List/ros_chatbot/ros_chatbot_ws/devel/lib/python3/dist-packages/rasa_ros/srv/_Dialogue.py
Symlinking /media/psf/TO-DO_List/ros_chatbot/ros_chatbot_ws/devel/share/rasa_ros/cmake/rasa_rosConfig-version.cmake
Symlinking /media/psf/TO-DO_List/ros_chatbot/ros_chatbot_ws/devel/share/rasa_ros/cmake/rasa_rosConfig.cmake
Symlinking /media/psf/TO-DO_List/ros_chatbot/ros_chatbot_ws/devel/share/rasa_ros/cmake/rasa_ros-msg-paths.cmake
Symlinking /media/psf/TO-DO_List/ros_chatbot/ros_chatbot_ws/devel/share/rasa_ros/cmake/rasa_ros-msg-extras.cmake
Symlinking /media/psf/TO-DO_List/ros_chatbot/ros_chatbot_ws/devel/share/roseus/ros/rasa_ros/manifest.l
Symlinking /media/psf/TO-DO_List/ros_chatbot/ros_chatbot_ws/devel/share/roseus/ros/rasa_ros/srv/Dialogue.l
Symlinking /media/psf/TO-DO_List/ros_chatbot/ros_chatbot_ws/devel/share/common-lisp/ros/rasa_ros/srv/rasa_ros-srv.asd
Symlinking /media/psf/TO-DO_List/ros_chatbot/ros_chatbot_ws/devel/share/common-lisp/ros/rasa_ros/srv/_package.lisp
Symlinking /media/psf/TO-DO_List/ros_chatbot/ros_chatbot_ws/devel/share/common-lisp/ros/rasa_ros/srv/_package_Dialogue.lisp
Symlinking /media/psf/TO-DO_List/ros_chatbot/ros_chatbot_ws/devel/share/common-lisp/ros/rasa_ros/srv/Dialogue.lisp
Symlinking /media/psf/TO-DO_List/ros_chatbot/ros_chatbot_ws/devel/share/gennodejs/ros/rasa_ros/_index.js
Symlinking /media/psf/TO-DO_List/ros_chatbot/ros_chatbot_ws/devel/share/gennodejs/ros/rasa_ros/srv/_index.js
Symlinking /media/psf/TO-DO_List/ros_chatbot/ros_chatbot_ws/devel/share/gennodejs/ros/rasa_ros/srv/Dialogue.js
