Linked: (/media/psf/TO-DO_List/ros_chatbot/chatbot_ws/devel/.private/pepper_nodes/include/pepper_nodes/LoadUrlRequest.h, /media/psf/TO-DO_List/ros_chatbot/chatbot_ws/devel/include/pepper_nodes/LoadUrlRequest.h)
Linked: (/media/psf/TO-DO_List/ros_chatbot/chatbot_ws/devel/.private/pepper_nodes/include/pepper_nodes/Rest.h, /media/psf/TO-DO_List/ros_chatbot/chatbot_ws/devel/include/pepper_nodes/Rest.h)
Linked: (/media/psf/TO-DO_List/ros_chatbot/chatbot_ws/devel/.private/pepper_nodes/include/pepper_nodes/RestRequest.h, /media/psf/TO-DO_List/ros_chatbot/chatbot_ws/devel/include/pepper_nodes/RestRequest.h)
Linked: (/media/psf/TO-DO_List/ros_chatbot/chatbot_ws/devel/.private/pepper_nodes/include/pepper_nodes/WakeUpRequest.h, /media/psf/TO-DO_List/ros_chatbot/chatbot_ws/devel/include/pepper_nodes/WakeUpRequest.h)
Linked: (/media/psf/TO-DO_List/ros_chatbot/chatbot_ws/devel/.private/pepper_nodes/include/pepper_nodes/Text2SpeechRequest.h, /media/psf/TO-DO_List/ros_chatbot/chatbot_ws/devel/include/pepper_nodes/Text2SpeechRequest.h)
Linked: (/media/psf/TO-DO_List/ros_chatbot/chatbot_ws/devel/.private/pepper_nodes/include/pepper_nodes/Text2SpeechResponse.h, /media/psf/TO-DO_List/ros_chatbot/chatbot_ws/devel/include/pepper_nodes/Text2SpeechResponse.h)
Linked: (/media/psf/TO-DO_List/ros_chatbot/chatbot_ws/devel/.private/pepper_nodes/include/pepper_nodes/ExecuteJS.h, /media/psf/TO-DO_List/ros_chatbot/chatbot_ws/devel/include/pepper_nodes/ExecuteJS.h)
Linked: (/media/psf/TO-DO_List/ros_chatbot/chatbot_ws/devel/.private/pepper_nodes/include/pepper_nodes/RestResponse.h, /media/psf/TO-DO_List/ros_chatbot/chatbot_ws/devel/include/pepper_nodes/RestResponse.h)
Linked: (/media/psf/TO-DO_List/ros_chatbot/chatbot_ws/devel/.private/pepper_nodes/include/pepper_nodes/ExecuteJSRequest.h, /media/psf/TO-DO_List/ros_chatbot/chatbot_ws/devel/include/pepper_nodes/ExecuteJSRequest.h)
Linked: (/media/psf/TO-DO_List/ros_chatbot/chatbot_ws/devel/.private/pepper_nodes/include/pepper_nodes/WakeUp.h, /media/psf/TO-DO_List/ros_chatbot/chatbot_ws/devel/include/pepper_nodes/WakeUp.h)
Linked: (/media/psf/TO-DO_List/ros_chatbot/chatbot_ws/devel/.private/pepper_nodes/include/pepper_nodes/ExecuteJSResponse.h, /media/psf/TO-DO_List/ros_chatbot/chatbot_ws/devel/include/pepper_nodes/ExecuteJSResponse.h)
Linked: (/media/psf/TO-DO_List/ros_chatbot/chatbot_ws/devel/.private/pepper_nodes/include/pepper_nodes/WakeUpResponse.h, /media/psf/TO-DO_List/ros_chatbot/chatbot_ws/devel/include/pepper_nodes/WakeUpResponse.h)
Linked: (/media/psf/TO-DO_List/ros_chatbot/chatbot_ws/devel/.private/pepper_nodes/include/pepper_nodes/LoadUrl.h, /media/psf/TO-DO_List/ros_chatbot/chatbot_ws/devel/include/pepper_nodes/LoadUrl.h)
Linked: (/media/psf/TO-DO_List/ros_chatbot/chatbot_ws/devel/.private/pepper_nodes/include/pepper_nodes/LoadUrlResponse.h, /media/psf/TO-DO_List/ros_chatbot/chatbot_ws/devel/include/pepper_nodes/LoadUrlResponse.h)
Linked: (/media/psf/TO-DO_List/ros_chatbot/chatbot_ws/devel/.private/pepper_nodes/include/pepper_nodes/Text2Speech.h, /media/psf/TO-DO_List/ros_chatbot/chatbot_ws/devel/include/pepper_nodes/Text2Speech.h)
Linked: (/media/psf/TO-DO_List/ros_chatbot/chatbot_ws/devel/.private/pepper_nodes/lib/pkgconfig/pepper_nodes.pc, /media/psf/TO-DO_List/ros_chatbot/chatbot_ws/devel/lib/pkgconfig/pepper_nodes.pc)
Linked: (/media/psf/TO-DO_List/ros_chatbot/chatbot_ws/devel/.private/pepper_nodes/lib/python3/dist-packages/libs/__init__.py, /media/psf/TO-DO_List/ros_chatbot/chatbot_ws/devel/lib/python3/dist-packages/libs/__init__.py)
Linked: (/media/psf/TO-DO_List/ros_chatbot/chatbot_ws/devel/.private/pepper_nodes/lib/python3/dist-packages/pepper_nodes/__init__.py, /media/psf/TO-DO_List/ros_chatbot/chatbot_ws/devel/lib/python3/dist-packages/pepper_nodes/__init__.py)
Linked: (/media/psf/TO-DO_List/ros_chatbot/chatbot_ws/devel/.private/pepper_nodes/lib/python3/dist-packages/pepper_nodes/srv/_LoadUrl.py, /media/psf/TO-DO_List/ros_chatbot/chatbot_ws/devel/lib/python3/dist-packages/pepper_nodes/srv/_LoadUrl.py)
Linked: (/media/psf/TO-DO_List/ros_chatbot/chatbot_ws/devel/.private/pepper_nodes/lib/python3/dist-packages/pepper_nodes/srv/__init__.py, /media/psf/TO-DO_List/ros_chatbot/chatbot_ws/devel/lib/python3/dist-packages/pepper_nodes/srv/__init__.py)
Linked: (/media/psf/TO-DO_List/ros_chatbot/chatbot_ws/devel/.private/pepper_nodes/lib/python3/dist-packages/pepper_nodes/srv/_ExecuteJS.py, /media/psf/TO-DO_List/ros_chatbot/chatbot_ws/devel/lib/python3/dist-packages/pepper_nodes/srv/_ExecuteJS.py)
Linked: (/media/psf/TO-DO_List/ros_chatbot/chatbot_ws/devel/.private/pepper_nodes/lib/python3/dist-packages/pepper_nodes/srv/_Text2Speech.py, /media/psf/TO-DO_List/ros_chatbot/chatbot_ws/devel/lib/python3/dist-packages/pepper_nodes/srv/_Text2Speech.py)
Linked: (/media/psf/TO-DO_List/ros_chatbot/chatbot_ws/devel/.private/pepper_nodes/lib/python3/dist-packages/pepper_nodes/srv/_Rest.py, /media/psf/TO-DO_List/ros_chatbot/chatbot_ws/devel/lib/python3/dist-packages/pepper_nodes/srv/_Rest.py)
Linked: (/media/psf/TO-DO_List/ros_chatbot/chatbot_ws/devel/.private/pepper_nodes/lib/python3/dist-packages/pepper_nodes/srv/_WakeUp.py, /media/psf/TO-DO_List/ros_chatbot/chatbot_ws/devel/lib/python3/dist-packages/pepper_nodes/srv/_WakeUp.py)
Linked: (/media/psf/TO-DO_List/ros_chatbot/chatbot_ws/devel/.private/pepper_nodes/share/roseus/ros/pepper_nodes/manifest.l, /media/psf/TO-DO_List/ros_chatbot/chatbot_ws/devel/share/roseus/ros/pepper_nodes/manifest.l)
Linked: (/media/psf/TO-DO_List/ros_chatbot/chatbot_ws/devel/.private/pepper_nodes/share/roseus/ros/pepper_nodes/srv/WakeUp.l, /media/psf/TO-DO_List/ros_chatbot/chatbot_ws/devel/share/roseus/ros/pepper_nodes/srv/WakeUp.l)
Linked: (/media/psf/TO-DO_List/ros_chatbot/chatbot_ws/devel/.private/pepper_nodes/share/roseus/ros/pepper_nodes/srv/LoadUrl.l, /media/psf/TO-DO_List/ros_chatbot/chatbot_ws/devel/share/roseus/ros/pepper_nodes/srv/LoadUrl.l)
Linked: (/media/psf/TO-DO_List/ros_chatbot/chatbot_ws/devel/.private/pepper_nodes/share/roseus/ros/pepper_nodes/srv/Text2Speech.l, /media/psf/TO-DO_List/ros_chatbot/chatbot_ws/devel/share/roseus/ros/pepper_nodes/srv/Text2Speech.l)
Linked: (/media/psf/TO-DO_List/ros_chatbot/chatbot_ws/devel/.private/pepper_nodes/share/roseus/ros/pepper_nodes/srv/Rest.l, /media/psf/TO-DO_List/ros_chatbot/chatbot_ws/devel/share/roseus/ros/pepper_nodes/srv/Rest.l)
Linked: (/media/psf/TO-DO_List/ros_chatbot/chatbot_ws/devel/.private/pepper_nodes/share/roseus/ros/pepper_nodes/srv/ExecuteJS.l, /media/psf/TO-DO_List/ros_chatbot/chatbot_ws/devel/share/roseus/ros/pepper_nodes/srv/ExecuteJS.l)
Linked: (/media/psf/TO-DO_List/ros_chatbot/chatbot_ws/devel/.private/pepper_nodes/share/pepper_nodes/cmake/pepper_nodesConfig.cmake, /media/psf/TO-DO_List/ros_chatbot/chatbot_ws/devel/share/pepper_nodes/cmake/pepper_nodesConfig.cmake)
Linked: (/media/psf/TO-DO_List/ros_chatbot/chatbot_ws/devel/.private/pepper_nodes/share/pepper_nodes/cmake/pepper_nodesConfig-version.cmake, /media/psf/TO-DO_List/ros_chatbot/chatbot_ws/devel/share/pepper_nodes/cmake/pepper_nodesConfig-version.cmake)
Linked: (/media/psf/TO-DO_List/ros_chatbot/chatbot_ws/devel/.private/pepper_nodes/share/pepper_nodes/cmake/pepper_nodes-msg-extras.cmake, /media/psf/TO-DO_List/ros_chatbot/chatbot_ws/devel/share/pepper_nodes/cmake/pepper_nodes-msg-extras.cmake)
Linked: (/media/psf/TO-DO_List/ros_chatbot/chatbot_ws/devel/.private/pepper_nodes/share/pepper_nodes/cmake/pepper_nodes-msg-paths.cmake, /media/psf/TO-DO_List/ros_chatbot/chatbot_ws/devel/share/pepper_nodes/cmake/pepper_nodes-msg-paths.cmake)
Linked: (/media/psf/TO-DO_List/ros_chatbot/chatbot_ws/devel/.private/pepper_nodes/share/common-lisp/ros/pepper_nodes/srv/_package_ExecuteJS.lisp, /media/psf/TO-DO_List/ros_chatbot/chatbot_ws/devel/share/common-lisp/ros/pepper_nodes/srv/_package_ExecuteJS.lisp)
Linked: (/media/psf/TO-DO_List/ros_chatbot/chatbot_ws/devel/.private/pepper_nodes/share/common-lisp/ros/pepper_nodes/srv/pepper_nodes-srv.asd, /media/psf/TO-DO_List/ros_chatbot/chatbot_ws/devel/share/common-lisp/ros/pepper_nodes/srv/pepper_nodes-srv.asd)
Linked: (/media/psf/TO-DO_List/ros_chatbot/chatbot_ws/devel/.private/pepper_nodes/share/common-lisp/ros/pepper_nodes/srv/_package_Text2Speech.lisp, /media/psf/TO-DO_List/ros_chatbot/chatbot_ws/devel/share/common-lisp/ros/pepper_nodes/srv/_package_Text2Speech.lisp)
Linked: (/media/psf/TO-DO_List/ros_chatbot/chatbot_ws/devel/.private/pepper_nodes/share/common-lisp/ros/pepper_nodes/srv/_package_LoadUrl.lisp, /media/psf/TO-DO_List/ros_chatbot/chatbot_ws/devel/share/common-lisp/ros/pepper_nodes/srv/_package_LoadUrl.lisp)
Linked: (/media/psf/TO-DO_List/ros_chatbot/chatbot_ws/devel/.private/pepper_nodes/share/common-lisp/ros/pepper_nodes/srv/Rest.lisp, /media/psf/TO-DO_List/ros_chatbot/chatbot_ws/devel/share/common-lisp/ros/pepper_nodes/srv/Rest.lisp)
Linked: (/media/psf/TO-DO_List/ros_chatbot/chatbot_ws/devel/.private/pepper_nodes/share/common-lisp/ros/pepper_nodes/srv/_package.lisp, /media/psf/TO-DO_List/ros_chatbot/chatbot_ws/devel/share/common-lisp/ros/pepper_nodes/srv/_package.lisp)
Linked: (/media/psf/TO-DO_List/ros_chatbot/chatbot_ws/devel/.private/pepper_nodes/share/common-lisp/ros/pepper_nodes/srv/_package_WakeUp.lisp, /media/psf/TO-DO_List/ros_chatbot/chatbot_ws/devel/share/common-lisp/ros/pepper_nodes/srv/_package_WakeUp.lisp)
Linked: (/media/psf/TO-DO_List/ros_chatbot/chatbot_ws/devel/.private/pepper_nodes/share/common-lisp/ros/pepper_nodes/srv/Text2Speech.lisp, /media/psf/TO-DO_List/ros_chatbot/chatbot_ws/devel/share/common-lisp/ros/pepper_nodes/srv/Text2Speech.lisp)
Linked: (/media/psf/TO-DO_List/ros_chatbot/chatbot_ws/devel/.private/pepper_nodes/share/common-lisp/ros/pepper_nodes/srv/WakeUp.lisp, /media/psf/TO-DO_List/ros_chatbot/chatbot_ws/devel/share/common-lisp/ros/pepper_nodes/srv/WakeUp.lisp)
Linked: (/media/psf/TO-DO_List/ros_chatbot/chatbot_ws/devel/.private/pepper_nodes/share/common-lisp/ros/pepper_nodes/srv/ExecuteJS.lisp, /media/psf/TO-DO_List/ros_chatbot/chatbot_ws/devel/share/common-lisp/ros/pepper_nodes/srv/ExecuteJS.lisp)
Linked: (/media/psf/TO-DO_List/ros_chatbot/chatbot_ws/devel/.private/pepper_nodes/share/common-lisp/ros/pepper_nodes/srv/_package_Rest.lisp, /media/psf/TO-DO_List/ros_chatbot/chatbot_ws/devel/share/common-lisp/ros/pepper_nodes/srv/_package_Rest.lisp)
Linked: (/media/psf/TO-DO_List/ros_chatbot/chatbot_ws/devel/.private/pepper_nodes/share/common-lisp/ros/pepper_nodes/srv/LoadUrl.lisp, /media/psf/TO-DO_List/ros_chatbot/chatbot_ws/devel/share/common-lisp/ros/pepper_nodes/srv/LoadUrl.lisp)
Linked: (/media/psf/TO-DO_List/ros_chatbot/chatbot_ws/devel/.private/pepper_nodes/share/gennodejs/ros/pepper_nodes/_index.js, /media/psf/TO-DO_List/ros_chatbot/chatbot_ws/devel/share/gennodejs/ros/pepper_nodes/_index.js)
Linked: (/media/psf/TO-DO_List/ros_chatbot/chatbot_ws/devel/.private/pepper_nodes/share/gennodejs/ros/pepper_nodes/srv/_index.js, /media/psf/TO-DO_List/ros_chatbot/chatbot_ws/devel/share/gennodejs/ros/pepper_nodes/srv/_index.js)
Linked: (/media/psf/TO-DO_List/ros_chatbot/chatbot_ws/devel/.private/pepper_nodes/share/gennodejs/ros/pepper_nodes/srv/Rest.js, /media/psf/TO-DO_List/ros_chatbot/chatbot_ws/devel/share/gennodejs/ros/pepper_nodes/srv/Rest.js)
Linked: (/media/psf/TO-DO_List/ros_chatbot/chatbot_ws/devel/.private/pepper_nodes/share/gennodejs/ros/pepper_nodes/srv/LoadUrl.js, /media/psf/TO-DO_List/ros_chatbot/chatbot_ws/devel/share/gennodejs/ros/pepper_nodes/srv/LoadUrl.js)
Linked: (/media/psf/TO-DO_List/ros_chatbot/chatbot_ws/devel/.private/pepper_nodes/share/gennodejs/ros/pepper_nodes/srv/WakeUp.js, /media/psf/TO-DO_List/ros_chatbot/chatbot_ws/devel/share/gennodejs/ros/pepper_nodes/srv/WakeUp.js)
Linked: (/media/psf/TO-DO_List/ros_chatbot/chatbot_ws/devel/.private/pepper_nodes/share/gennodejs/ros/pepper_nodes/srv/ExecuteJS.js, /media/psf/TO-DO_List/ros_chatbot/chatbot_ws/devel/share/gennodejs/ros/pepper_nodes/srv/ExecuteJS.js)
Linked: (/media/psf/TO-DO_List/ros_chatbot/chatbot_ws/devel/.private/pepper_nodes/share/gennodejs/ros/pepper_nodes/srv/Text2Speech.js, /media/psf/TO-DO_List/ros_chatbot/chatbot_ws/devel/share/gennodejs/ros/pepper_nodes/srv/Text2Speech.js)
